  Building Custom Rule D:/GameDev/pbrt-v3/src/ext/openexr/OpenEXR/IlmImf/CMakeLists.txt
  ImfAttribute.cpp
  ImfBoxAttribute.cpp
  ImfCRgbaFile.cpp
  ImfChannelList.cpp
  ImfChannelListAttribute.cpp
  ImfFloatAttribute.cpp
  ImfFrameBuffer.cpp
  ImfHeader.cpp
  ImfIO.cpp
  ImfInputFile.cpp
  ImfIntAttribute.cpp
  ImfLineOrderAttribute.cpp
  ImfMatrixAttribute.cpp
  ImfOpaqueAttribute.cpp
  ImfOutputFile.cpp
  ImfRgbaFile.cpp
  ImfStringAttribute.cpp
  ImfVecAttribute.cpp
  ImfHuf.cpp
  ImfThreading.cpp
  正在生成代码...
  正在编译...
  ImfWav.cpp
  ImfLut.cpp
  ImfCompressor.cpp
  ImfRleCompressor.cpp
  ImfZipCompressor.cpp
D:\GameDev\pbrt-v3\src\ext\openexr\OpenEXR\IlmImf\ImfRleCompressor.cpp(1,1): warning C4819: 该文件包含不能在当前代码页(936)中表示的字符。请将该文件保存为 Unicode 格式以防止数据丢失
  ImfPizCompressor.cpp
D:\GameDev\pbrt-v3\src\ext\openexr\OpenEXR\IlmImf\ImfZipCompressor.cpp(1,1): warning C4819: 该文件包含不能在当前代码页(936)中表示的字符。请将该文件保存为 Unicode 格式以防止数据丢失
  ImfMisc.cpp
  ImfCompressionAttribute.cpp
  ImfDoubleAttribute.cpp
  ImfConvert.cpp
  ImfPreviewImage.cpp
  ImfPreviewImageAttribute.cpp
  ImfVersion.cpp
  ImfChromaticities.cpp
  ImfChromaticitiesAttribute.cpp
  ImfKeyCode.cpp
  ImfKeyCodeAttribute.cpp
  ImfTimeCode.cpp
  ImfTimeCodeAttribute.cpp
  ImfRational.cpp
  正在生成代码...
  正在编译...
  ImfRationalAttribute.cpp
  ImfFramesPerSecond.cpp
  ImfStandardAttributes.cpp
  ImfStdIO.cpp
  ImfEnvmap.cpp
  ImfEnvmapAttribute.cpp
  ImfScanLineInputFile.cpp
  ImfTiledInputFile.cpp
  ImfTiledMisc.cpp
  ImfTiledOutputFile.cpp
  ImfTiledRgbaFile.cpp
  ImfTileDescriptionAttribute.cpp
  ImfTileOffsets.cpp
  ImfRgbaYca.cpp
  ImfPxr24Compressor.cpp
  ImfTestFile.cpp
  ImfStringVectorAttribute.cpp
  ImfMultiView.cpp
  ImfAcesFile.cpp
  ImfMultiPartOutputFile.cpp
  正在生成代码...
  正在编译...
  ImfGenericOutputFile.cpp
  ImfOutputPartData.cpp
  ImfMultiPartInputFile.cpp
  ImfGenericInputFile.cpp
  ImfPartType.cpp
  ImfInputPartData.cpp
  ImfOutputPart.cpp
  ImfTiledOutputPart.cpp
  ImfInputPart.cpp
  ImfTiledInputPart.cpp
  ImfDeepScanLineInputPart.cpp
  ImfDeepScanLineOutputPart.cpp
  ImfDeepScanLineInputFile.cpp
  ImfDeepScanLineOutputFile.cpp
  ImfDeepTiledInputPart.cpp
  ImfDeepTiledOutputPart.cpp
  ImfDeepTiledInputFile.cpp
  ImfDeepTiledOutputFile.cpp
  ImfDeepFrameBuffer.cpp
  ImfDeepCompositing.cpp
  正在生成代码...
  正在编译...
  ImfCompositeDeepScanLine.cpp
  ImfDeepImageStateAttribute.cpp
  ImfFastHuf.cpp
  ImfFloatVectorAttribute.cpp
  ImfRle.cpp
  ImfSystemSpecific.cpp
  ImfZip.cpp
  正在生成代码...
D:\GameDev\pbrt-v3\src\ext\openexr\OpenEXR\IlmImf\ImfPizCompressor.cpp(1,1): warning C4819: 该文件包含不能在当前代码页(936)中表示的字符。请将该文件保存为 Unicode 格式以防止数据丢失
  IlmImf-obj.vcxproj -> D:\GameDev\pbrt-v3\build\src\ext\openexr\OpenEXR\IlmImf\IlmImf-obj.dir\Debug\IlmImf-obj.lib
